Finish loading indexes
Finish loading indexes
MeanConcatDense(
  (audio_embed): Sequential(
    (0): Linear(in_features=512, out_features=512, bias=True)
    (1): BatchNorm1d(512, eps=1e-05, momentum=0.1, affine=True, track_running_stats=True)
    (2): ReLU()
    (3): Dropout(p=0.2, inplace=False)
    (4): Linear(in_features=512, out_features=128, bias=True)
  )
  (video_embed): Sequential(
    (0): Linear(in_features=512, out_features=512, bias=True)
    (1): BatchNorm1d(512, eps=1e-05, momentum=0.1, affine=True, track_running_stats=True)
    (2): ReLU()
    (3): Dropout(p=0.2, inplace=False)
    (4): Linear(in_features=512, out_features=128, bias=True)
  )
  (outputlayer1): Sequential(
    (0): Linear(in_features=128, out_features=128, bias=True)
    (1): Linear(in_features=128, out_features=10, bias=True)
  )
  (outputlayer2): Sequential(
    (0): Linear(in_features=128, out_features=128, bias=True)
    (1): Linear(in_features=128, out_features=10, bias=True)
  )
)
-----------start training-----------
epoch 1
---------------------------------------------------------------------------------------------------
epoch 1 training loss:  1.5701564358126732 cv loss:  1.0373180011908214
best validation model found and saved.
---------------------------------------------------------------------------------------------------
epoch 2
---------------------------------------------------------------------------------------------------
epoch 2 training loss:  0.7295347572334351 cv loss:  0.661773756146431
best validation model found and saved.
---------------------------------------------------------------------------------------------------
epoch 3
---------------------------------------------------------------------------------------------------
epoch 3 training loss:  0.4030109879470641 cv loss:  0.49541440854469937
best validation model found and saved.
---------------------------------------------------------------------------------------------------
epoch 4
---------------------------------------------------------------------------------------------------
epoch 4 training loss:  0.23254177094467224 cv loss:  0.44496139883995056
best validation model found and saved.
---------------------------------------------------------------------------------------------------
epoch 5
---------------------------------------------------------------------------------------------------
epoch 5 training loss:  0.14153043565250212 cv loss:  0.43742402146259945
best validation model found and saved.
---------------------------------------------------------------------------------------------------
epoch 6
---------------------------------------------------------------------------------------------------
epoch 6 training loss:  0.08835848444892515 cv loss:  0.435347605496645
best validation model found and saved.
---------------------------------------------------------------------------------------------------
epoch 7
---------------------------------------------------------------------------------------------------
epoch 7 training loss:  0.05581300663611581 cv loss:  0.466788150370121
epoch 8
---------------------------------------------------------------------------------------------------
epoch 8 training loss:  0.03727729609536548 cv loss:  0.47203927921752137
epoch 9
---------------------------------------------------------------------------------------------------
epoch 9 training loss:  0.02603551282757713 cv loss:  0.47094907611608505
epoch 10
---------------------------------------------------------------------------------------------------
epoch 10 training loss:  0.01981429142817374 cv loss:  0.49278251578410465
epoch 11
---------------------------------------------------------------------------------------------------
epoch 11 training loss:  0.015550177994995348 cv loss:  0.48619677933553856
epoch 12
---------------------------------------------------------------------------------------------------
epoch 12 training loss:  0.015471111802804855 cv loss:  0.48762751122315723
epoch 13
---------------------------------------------------------------------------------------------------
epoch 13 training loss:  0.015080865487576492 cv loss:  0.4950379791359107
Finish loading indexes
