Finish loading indexes
Finish loading indexes
MeanConcatDense(
  (audio_embed): Sequential(
    (0): Linear(in_features=512, out_features=512, bias=True)
    (1): BatchNorm1d(512, eps=1e-05, momentum=0.1, affine=True, track_running_stats=True)
    (2): ReLU()
    (3): Dropout(p=0.2, inplace=False)
    (4): Linear(in_features=512, out_features=128, bias=True)
  )
  (video_embed): Sequential(
    (0): Linear(in_features=512, out_features=512, bias=True)
    (1): BatchNorm1d(512, eps=1e-05, momentum=0.1, affine=True, track_running_stats=True)
    (2): ReLU()
    (3): Dropout(p=0.2, inplace=False)
    (4): Linear(in_features=512, out_features=128, bias=True)
  )
  (outputlayer1): Sequential(
    (0): Linear(in_features=128, out_features=128, bias=True)
    (1): Linear(in_features=128, out_features=10, bias=True)
  )
  (outputlayer2): Sequential(
    (0): Linear(in_features=128, out_features=128, bias=True)
    (1): Linear(in_features=128, out_features=10, bias=True)
  )
)
-----------start training-----------
epoch 1
---------------------------------------------------------------------------------------------------
epoch 1 training loss:  1.5724915785174216 cv loss:  1.0422516465187073
best validation model found and saved.
---------------------------------------------------------------------------------------------------
epoch 2
---------------------------------------------------------------------------------------------------
epoch 2 training loss:  0.7351459428187339 cv loss:  0.6661395033200582
best validation model found and saved.
---------------------------------------------------------------------------------------------------
epoch 3
---------------------------------------------------------------------------------------------------
epoch 3 training loss:  0.40861369140686526 cv loss:  0.49769576887289685
best validation model found and saved.
---------------------------------------------------------------------------------------------------
epoch 4
---------------------------------------------------------------------------------------------------
epoch 4 training loss:  0.23670807312573156 cv loss:  0.44466134905815125
best validation model found and saved.
---------------------------------------------------------------------------------------------------
epoch 5
---------------------------------------------------------------------------------------------------
epoch 5 training loss:  0.14450428706984367 cv loss:  0.43569355209668476
best validation model found and saved.
---------------------------------------------------------------------------------------------------
epoch 6
---------------------------------------------------------------------------------------------------
epoch 6 training loss:  0.09034398450486121 cv loss:  0.4319641888141632
best validation model found and saved.
---------------------------------------------------------------------------------------------------
epoch 7
---------------------------------------------------------------------------------------------------
epoch 7 training loss:  0.05713004099145051 cv loss:  0.46329886093735695
epoch 8
---------------------------------------------------------------------------------------------------
epoch 8 training loss:  0.03814478173491455 cv loss:  0.4674724265933037
epoch 9
---------------------------------------------------------------------------------------------------
epoch 9 training loss:  0.02662282001467482 cv loss:  0.465605395535628
epoch 10
---------------------------------------------------------------------------------------------------
epoch 10 training loss:  0.020225202454434286 cv loss:  0.48651230335235596
epoch 11
---------------------------------------------------------------------------------------------------
epoch 11 training loss:  0.015860440825382547 cv loss:  0.4802210299919049
epoch 12
---------------------------------------------------------------------------------------------------
epoch 12 training loss:  0.015786193025809143 cv loss:  0.48208477596441907
epoch 13
---------------------------------------------------------------------------------------------------
epoch 13 training loss:  0.0153904210385536 cv loss:  0.4894467244545619
Finish loading indexes
