Finish loading indexes
Finish loading indexes
MeanConcatDense(
  (audio_embed): Sequential(
    (0): Linear(in_features=512, out_features=512, bias=True)
    (1): BatchNorm1d(512, eps=1e-05, momentum=0.1, affine=True, track_running_stats=True)
    (2): ReLU()
    (3): Dropout(p=0.2, inplace=False)
    (4): Linear(in_features=512, out_features=128, bias=True)
  )
  (video_embed): Sequential(
    (0): Linear(in_features=512, out_features=512, bias=True)
    (1): BatchNorm1d(512, eps=1e-05, momentum=0.1, affine=True, track_running_stats=True)
    (2): ReLU()
    (3): Dropout(p=0.2, inplace=False)
    (4): Linear(in_features=512, out_features=128, bias=True)
  )
  (outputlayer): Sequential(
    (0): Linear(in_features=256, out_features=128, bias=True)
    (1): Linear(in_features=128, out_features=10, bias=True)
  )
)
-----------start training-----------
epoch 1
---------------------------------------------------------------------------------------------------
epoch 1 training loss:  1.410704609847838 cv loss:  0.8741678893566132
best validation model found and saved.
---------------------------------------------------------------------------------------------------
epoch 2
---------------------------------------------------------------------------------------------------
epoch 2 training loss:  0.5583482543306966 cv loss:  0.5974330256382624
best validation model found and saved.
---------------------------------------------------------------------------------------------------
epoch 3
---------------------------------------------------------------------------------------------------
epoch 3 training loss:  0.28051128502815 cv loss:  0.51137642065684
best validation model found and saved.
---------------------------------------------------------------------------------------------------
epoch 4
---------------------------------------------------------------------------------------------------
epoch 4 training loss:  0.1511815559239157 cv loss:  0.4715414394934972
best validation model found and saved.
---------------------------------------------------------------------------------------------------
epoch 5
---------------------------------------------------------------------------------------------------
epoch 5 training loss:  0.08717560155257102 cv loss:  0.4622111866871516
best validation model found and saved.
---------------------------------------------------------------------------------------------------
epoch 6
---------------------------------------------------------------------------------------------------
epoch 6 training loss:  0.052156828433996244 cv loss:  0.4706066536406676
epoch 7
---------------------------------------------------------------------------------------------------
epoch 7 training loss:  0.033273259688529275 cv loss:  0.5085112204154333
epoch 8
---------------------------------------------------------------------------------------------------
epoch 8 training loss:  0.02240385740034042 cv loss:  0.4809718318283558
epoch 9
---------------------------------------------------------------------------------------------------
epoch 9 training loss:  0.016687475760737733 cv loss:  0.5192293499906858
epoch 10
---------------------------------------------------------------------------------------------------
epoch 10 training loss:  0.013502768346018369 cv loss:  0.5139849695066611
epoch 11
---------------------------------------------------------------------------------------------------
epoch 11 training loss:  0.012504388690896092 cv loss:  0.5116654789696137
epoch 12
---------------------------------------------------------------------------------------------------
epoch 12 training loss:  0.012030575529582078 cv loss:  0.5180007858822743
Finish loading indexes
