Finish loading indexes
Finish loading indexes
MeanConcatDense(
  (audio_embed): Sequential(
    (0): Linear(in_features=512, out_features=256, bias=True)
    (1): BatchNorm1d(256, eps=1e-05, momentum=0.1, affine=True, track_running_stats=True)
    (2): ReLU()
    (3): Dropout(p=0.2, inplace=False)
    (4): Linear(in_features=256, out_features=128, bias=True)
  )
  (video_embed): Sequential(
    (0): Linear(in_features=512, out_features=256, bias=True)
    (1): BatchNorm1d(256, eps=1e-05, momentum=0.1, affine=True, track_running_stats=True)
    (2): ReLU()
    (3): Dropout(p=0.2, inplace=False)
    (4): Linear(in_features=256, out_features=128, bias=True)
  )
  (outputlayer1): Sequential(
    (0): Linear(in_features=128, out_features=128, bias=True)
    (1): Linear(in_features=128, out_features=10, bias=True)
  )
  (outputlayer2): Sequential(
    (0): Linear(in_features=128, out_features=128, bias=True)
    (1): Linear(in_features=128, out_features=10, bias=True)
  )
  (outputlayer): Sequential(
    (0): Linear(in_features=256, out_features=128, bias=True)
    (1): Linear(in_features=128, out_features=10, bias=True)
  )
)
-----------start training-----------
epoch 1
---------------------------------------------------------------------------------------------------
epoch 1 training loss:  1.7694209102661378 cv loss:  1.235907793045044
best validation model found and saved.
---------------------------------------------------------------------------------------------------
epoch 2
---------------------------------------------------------------------------------------------------
epoch 2 training loss:  0.9307395075598071 cv loss:  0.7411510248978933
best validation model found and saved.
---------------------------------------------------------------------------------------------------
epoch 3
---------------------------------------------------------------------------------------------------
epoch 3 training loss:  0.5264219420571481 cv loss:  0.5501055667797724
best validation model found and saved.
---------------------------------------------------------------------------------------------------
epoch 4
---------------------------------------------------------------------------------------------------
epoch 4 training loss:  0.31220731067080654 cv loss:  0.4812494069337845
best validation model found and saved.
---------------------------------------------------------------------------------------------------
epoch 5
---------------------------------------------------------------------------------------------------
epoch 5 training loss:  0.19229240847691412 cv loss:  0.4415251562992732
best validation model found and saved.
---------------------------------------------------------------------------------------------------
epoch 6
---------------------------------------------------------------------------------------------------
epoch 6 training loss:  0.12045373527273055 cv loss:  0.44767117997010547
epoch 7
---------------------------------------------------------------------------------------------------
epoch 7 training loss:  0.0788328813449029 cv loss:  0.4473382557431857
epoch 8
---------------------------------------------------------------------------------------------------
epoch 8 training loss:  0.053698616823361765 cv loss:  0.4325936635335286
best validation model found and saved.
---------------------------------------------------------------------------------------------------
epoch 9
---------------------------------------------------------------------------------------------------
epoch 9 training loss:  0.03734999633724651 cv loss:  0.4877583123743534
epoch 10
---------------------------------------------------------------------------------------------------
epoch 10 training loss:  0.028538664862994226 cv loss:  0.4744005501270294
epoch 11
---------------------------------------------------------------------------------------------------
epoch 11 training loss:  0.021485873017339938 cv loss:  0.4632520191371441
epoch 12
---------------------------------------------------------------------------------------------------
epoch 12 training loss:  0.01720960346621371 cv loss:  0.5043037782112757
epoch 13
---------------------------------------------------------------------------------------------------
epoch 13 training loss:  0.01482873527903951 cv loss:  0.49252001258234185
epoch 14
---------------------------------------------------------------------------------------------------
epoch 14 training loss:  0.013715188251808286 cv loss:  0.4981903191655874
epoch 15
---------------------------------------------------------------------------------------------------
epoch 15 training loss:  0.01279784307154196 cv loss:  0.49109747384985286
Finish loading indexes
