Finish loading indexes
Finish loading indexes
MeanConcatDense(
  (audio_embed): Sequential(
    (0): Linear(in_features=512, out_features=256, bias=True)
    (1): BatchNorm1d(256, eps=1e-05, momentum=0.1, affine=True, track_running_stats=True)
    (2): ReLU()
    (3): Dropout(p=0.2, inplace=False)
    (4): Linear(in_features=256, out_features=128, bias=True)
  )
  (video_embed): Sequential(
    (0): Linear(in_features=512, out_features=256, bias=True)
    (1): BatchNorm1d(256, eps=1e-05, momentum=0.1, affine=True, track_running_stats=True)
    (2): ReLU()
    (3): Dropout(p=0.2, inplace=False)
    (4): Linear(in_features=256, out_features=128, bias=True)
  )
  (outputlayer1): Sequential(
    (0): Linear(in_features=128, out_features=128, bias=True)
    (1): Linear(in_features=128, out_features=10, bias=True)
  )
  (outputlayer2): Sequential(
    (0): Linear(in_features=128, out_features=128, bias=True)
    (1): Linear(in_features=128, out_features=10, bias=True)
  )
  (outputlayer): Sequential(
    (0): Linear(in_features=256, out_features=128, bias=True)
    (1): Linear(in_features=128, out_features=10, bias=True)
  )
)
-----------start training-----------
epoch 1
---------------------------------------------------------------------------------------------------
epoch 1 training loss:  2.231065953931501 cv loss:  2.189305285612742
best validation model found and saved.
---------------------------------------------------------------------------------------------------
epoch 2
---------------------------------------------------------------------------------------------------
epoch 2 training loss:  2.0997637971754997 cv loss:  2.0559611916542053
best validation model found and saved.
---------------------------------------------------------------------------------------------------
epoch 3
---------------------------------------------------------------------------------------------------
epoch 3 training loss:  1.9706864799222639 cv loss:  1.9201501806577046
best validation model found and saved.
---------------------------------------------------------------------------------------------------
epoch 4
---------------------------------------------------------------------------------------------------
epoch 4 training loss:  1.8443403859292307 cv loss:  1.7908804615338643
best validation model found and saved.
---------------------------------------------------------------------------------------------------
epoch 5
---------------------------------------------------------------------------------------------------
epoch 5 training loss:  1.7207928876723013 cv loss:  1.6702472766240437
best validation model found and saved.
---------------------------------------------------------------------------------------------------
epoch 6
---------------------------------------------------------------------------------------------------
epoch 6 training loss:  1.607105512772837 cv loss:  1.559191604455312
best validation model found and saved.
---------------------------------------------------------------------------------------------------
epoch 7
---------------------------------------------------------------------------------------------------
epoch 7 training loss:  1.4987125877411134 cv loss:  1.460284173488617
best validation model found and saved.
---------------------------------------------------------------------------------------------------
epoch 8
---------------------------------------------------------------------------------------------------
epoch 8 training loss:  1.4016413188749743 cv loss:  1.37086421251297
best validation model found and saved.
---------------------------------------------------------------------------------------------------
epoch 9
---------------------------------------------------------------------------------------------------
epoch 9 training loss:  1.3109106190742985 cv loss:  1.281670908133189
best validation model found and saved.
---------------------------------------------------------------------------------------------------
epoch 10
---------------------------------------------------------------------------------------------------
epoch 10 training loss:  1.2307614761014138 cv loss:  1.2111004491647084
best validation model found and saved.
---------------------------------------------------------------------------------------------------
epoch 11
---------------------------------------------------------------------------------------------------
epoch 11 training loss:  1.1563851218069754 cv loss:  1.1448494493961334
best validation model found and saved.
---------------------------------------------------------------------------------------------------
epoch 12
---------------------------------------------------------------------------------------------------
epoch 12 training loss:  1.0849068780099191 cv loss:  1.079195628563563
best validation model found and saved.
---------------------------------------------------------------------------------------------------
epoch 13
---------------------------------------------------------------------------------------------------
epoch 13 training loss:  1.0198214140630537 cv loss:  1.024574100971222
best validation model found and saved.
---------------------------------------------------------------------------------------------------
epoch 14
---------------------------------------------------------------------------------------------------
epoch 14 training loss:  0.9579456958078569 cv loss:  0.975150058666865
best validation model found and saved.
---------------------------------------------------------------------------------------------------
epoch 15
---------------------------------------------------------------------------------------------------
epoch 15 training loss:  0.902127065004841 cv loss:  0.9284315605958303
best validation model found and saved.
---------------------------------------------------------------------------------------------------
epoch 16
---------------------------------------------------------------------------------------------------
epoch 16 training loss:  0.8533912983632856 cv loss:  0.8862850964069366
best validation model found and saved.
---------------------------------------------------------------------------------------------------
epoch 17
---------------------------------------------------------------------------------------------------
epoch 17 training loss:  0.8068467811230691 cv loss:  0.8481954038143158
best validation model found and saved.
---------------------------------------------------------------------------------------------------
epoch 18
---------------------------------------------------------------------------------------------------
epoch 18 training loss:  0.7606865725209636 cv loss:  0.8131422797838846
best validation model found and saved.
---------------------------------------------------------------------------------------------------
epoch 19
---------------------------------------------------------------------------------------------------
epoch 19 training loss:  0.7199506067460583 cv loss:  0.7819024423758189
best validation model found and saved.
---------------------------------------------------------------------------------------------------
epoch 20
---------------------------------------------------------------------------------------------------
epoch 20 training loss:  0.6856558072951532 cv loss:  0.7577847441037496
best validation model found and saved.
---------------------------------------------------------------------------------------------------
epoch 21
---------------------------------------------------------------------------------------------------
epoch 21 training loss:  0.6506236118655051 cv loss:  0.7253429492314657
best validation model found and saved.
---------------------------------------------------------------------------------------------------
epoch 22
---------------------------------------------------------------------------------------------------
epoch 22 training loss:  0.6163258860188146 cv loss:  0.7065071115891138
best validation model found and saved.
---------------------------------------------------------------------------------------------------
epoch 23
---------------------------------------------------------------------------------------------------
epoch 23 training loss:  0.5837260686582134 cv loss:  0.6784454435110092
best validation model found and saved.
---------------------------------------------------------------------------------------------------
epoch 24
---------------------------------------------------------------------------------------------------
epoch 24 training loss:  0.5573861647036767 cv loss:  0.6624247233072916
best validation model found and saved.
---------------------------------------------------------------------------------------------------
epoch 25
---------------------------------------------------------------------------------------------------
epoch 25 training loss:  0.5291575866360818 cv loss:  0.6416612317164739
best validation model found and saved.
---------------------------------------------------------------------------------------------------
epoch 26
---------------------------------------------------------------------------------------------------
epoch 26 training loss:  0.5028638599380371 cv loss:  0.6251289596160253
best validation model found and saved.
---------------------------------------------------------------------------------------------------
epoch 27
---------------------------------------------------------------------------------------------------
epoch 27 training loss:  0.4798260470551829 cv loss:  0.6068599174420038
best validation model found and saved.
---------------------------------------------------------------------------------------------------
epoch 28
---------------------------------------------------------------------------------------------------
epoch 28 training loss:  0.4577046517402895 cv loss:  0.5954763243595759
best validation model found and saved.
---------------------------------------------------------------------------------------------------
epoch 29
---------------------------------------------------------------------------------------------------
epoch 29 training loss:  0.4350852721160458 cv loss:  0.5822683920462927
best validation model found and saved.
---------------------------------------------------------------------------------------------------
epoch 30
---------------------------------------------------------------------------------------------------
epoch 30 training loss:  0.41442562014825884 cv loss:  0.5715302129586538
best validation model found and saved.
---------------------------------------------------------------------------------------------------
epoch 31
---------------------------------------------------------------------------------------------------
epoch 31 training loss:  0.39174295000491605 cv loss:  0.5590388824542364
best validation model found and saved.
---------------------------------------------------------------------------------------------------
epoch 32
---------------------------------------------------------------------------------------------------
epoch 32 training loss:  0.3755786928438371 cv loss:  0.5437103907267252
best validation model found and saved.
---------------------------------------------------------------------------------------------------
epoch 33
---------------------------------------------------------------------------------------------------
epoch 33 training loss:  0.35603251860987756 cv loss:  0.533560906847318
best validation model found and saved.
---------------------------------------------------------------------------------------------------
epoch 34
---------------------------------------------------------------------------------------------------
epoch 34 training loss:  0.3412464953237964 cv loss:  0.5220839629570643
best validation model found and saved.
---------------------------------------------------------------------------------------------------
epoch 35
---------------------------------------------------------------------------------------------------
epoch 35 training loss:  0.32695892501261925 cv loss:  0.5127468556165695
best validation model found and saved.
---------------------------------------------------------------------------------------------------
epoch 36
---------------------------------------------------------------------------------------------------
epoch 36 training loss:  0.309196614450024 cv loss:  0.5085761298735937
best validation model found and saved.
---------------------------------------------------------------------------------------------------
epoch 37
---------------------------------------------------------------------------------------------------
epoch 37 training loss:  0.2935799530917598 cv loss:  0.49966683983802795
best validation model found and saved.
---------------------------------------------------------------------------------------------------
epoch 38
---------------------------------------------------------------------------------------------------
epoch 38 training loss:  0.27914870626503424 cv loss:  0.49004871149857837
best validation model found and saved.
---------------------------------------------------------------------------------------------------
epoch 39
---------------------------------------------------------------------------------------------------
epoch 39 training loss:  0.26920753453047047 cv loss:  0.4836975783109665
best validation model found and saved.
---------------------------------------------------------------------------------------------------
epoch 40
---------------------------------------------------------------------------------------------------
epoch 40 training loss:  0.2538724803636151 cv loss:  0.47967589398225147
best validation model found and saved.
---------------------------------------------------------------------------------------------------
epoch 41
---------------------------------------------------------------------------------------------------
epoch 41 training loss:  0.2446859092000992 cv loss:  0.4734522228439649
best validation model found and saved.
---------------------------------------------------------------------------------------------------
epoch 42
---------------------------------------------------------------------------------------------------
epoch 42 training loss:  0.2310362059262491 cv loss:  0.4676505575577418
best validation model found and saved.
---------------------------------------------------------------------------------------------------
epoch 43
---------------------------------------------------------------------------------------------------
epoch 43 training loss:  0.2222480038481374 cv loss:  0.46512126674254733
best validation model found and saved.
---------------------------------------------------------------------------------------------------
epoch 44
---------------------------------------------------------------------------------------------------
epoch 44 training loss:  0.21008413717631372 cv loss:  0.4616546804706256
best validation model found and saved.
---------------------------------------------------------------------------------------------------
epoch 45
---------------------------------------------------------------------------------------------------
epoch 45 training loss:  0.20186152261111043 cv loss:  0.45275502900282544
best validation model found and saved.
---------------------------------------------------------------------------------------------------
epoch 46
---------------------------------------------------------------------------------------------------
epoch 46 training loss:  0.19303271823352383 cv loss:  0.44871123631795246
best validation model found and saved.
---------------------------------------------------------------------------------------------------
epoch 47
---------------------------------------------------------------------------------------------------
epoch 47 training loss:  0.18323506198583112 cv loss:  0.44756994148095447
best validation model found and saved.
---------------------------------------------------------------------------------------------------
epoch 48
---------------------------------------------------------------------------------------------------
epoch 48 training loss:  0.1760494319661971 cv loss:  0.4440710445245107
best validation model found and saved.
---------------------------------------------------------------------------------------------------
epoch 49
---------------------------------------------------------------------------------------------------
epoch 49 training loss:  0.16710452975765352 cv loss:  0.44051750252644223
best validation model found and saved.
---------------------------------------------------------------------------------------------------
epoch 50
---------------------------------------------------------------------------------------------------
epoch 50 training loss:  0.15787924838162237 cv loss:  0.4387854312856992
best validation model found and saved.
---------------------------------------------------------------------------------------------------
epoch 51
---------------------------------------------------------------------------------------------------
epoch 51 training loss:  0.15021052247574251 cv loss:  0.4338166688879331
best validation model found and saved.
---------------------------------------------------------------------------------------------------
epoch 52
---------------------------------------------------------------------------------------------------
epoch 52 training loss:  0.143079933379927 cv loss:  0.4341457014282544
epoch 53
---------------------------------------------------------------------------------------------------
epoch 53 training loss:  0.13805089097830556 cv loss:  0.4268338456749916
best validation model found and saved.
---------------------------------------------------------------------------------------------------
epoch 54
---------------------------------------------------------------------------------------------------
epoch 54 training loss:  0.1304399822988818 cv loss:  0.4309431115786235
epoch 55
---------------------------------------------------------------------------------------------------
epoch 55 training loss:  0.12662667096141847 cv loss:  0.4269175777832667
epoch 56
---------------------------------------------------------------------------------------------------
epoch 56 training loss:  0.12085067588956125 cv loss:  0.4312145138780276
epoch 57
---------------------------------------------------------------------------------------------------
epoch 57 training loss:  0.11511321005321318 cv loss:  0.43071704109509784
epoch 58
---------------------------------------------------------------------------------------------------
epoch 58 training loss:  0.11187058086356809 cv loss:  0.42338667809963226
best validation model found and saved.
---------------------------------------------------------------------------------------------------
epoch 59
---------------------------------------------------------------------------------------------------
epoch 59 training loss:  0.11052079366580132 cv loss:  0.42510266850392026
epoch 60
---------------------------------------------------------------------------------------------------
epoch 60 training loss:  0.11021349266652138 cv loss:  0.42516745378573734
epoch 61
---------------------------------------------------------------------------------------------------
epoch 61 training loss:  0.10909847831053118 cv loss:  0.4253777911265691
epoch 62
---------------------------------------------------------------------------------------------------
epoch 62 training loss:  0.11092640351383917 cv loss:  0.4315510764718056
epoch 63
---------------------------------------------------------------------------------------------------
epoch 63 training loss:  0.10761879504688325 cv loss:  0.4273153841495514
epoch 64
---------------------------------------------------------------------------------------------------
epoch 64 training loss:  0.10790088820842005 cv loss:  0.4326271365086238
epoch 65
---------------------------------------------------------------------------------------------------
epoch 65 training loss:  0.10815349641826845 cv loss:  0.42449498176574707
Finish loading indexes
